#
# There is insufficient memory for the Java Runtime Environment to continue.
# Native memory allocation (malloc) failed to allocate 1048576 bytes. Error detail: AllocateHeap
# Possible reasons:
#   The system is out of physical RAM or swap space
#   This process is running with CompressedOops enabled, and the Java Heap may be blocking the growth of the native heap
# Possible solutions:
#   Reduce memory load on the system
#   Increase physical memory or swap space
#   Check if swap backing store is full
#   Decrease Java heap size (-Xmx/-Xms)
#   Decrease number of Java threads
#   Decrease Java thread stack sizes (-Xss)
#   Set larger code cache with -XX:ReservedCodeCacheSize=
#   JVM is running with Zero Based Compressed Oops mode in which the Java heap is
#     placed in the first 32GB address space. The Java Heap base address is the
#     maximum limit for the native heap growth. Please use -XX:HeapBaseMinAddress
#     to set the Java Heap base and to place the Java Heap above 32GB virtual address.
# This output file may be truncated or incomplete.
#
#  Out of Memory Error (allocation.cpp:44), pid=15968, tid=11908
#
# JRE version:  (22.0.1+8) (build )
# Java VM: Java HotSpot(TM) 64-Bit Server VM (22.0.1+8-16, mixed mode, sharing, tiered, compressed oops, compressed class ptrs, g1 gc, windows-amd64)
# No core dump will be written. Minidumps are not enabled by default on client versions of Windows
#

---------------  S U M M A R Y ------------

Command Line: 

Host: AMD Ryzen 5 5625U with Radeon Graphics         , 12 cores, 15G,  Windows 11 , 64 bit Build 26100 (10.0.26100.3912)
Time: Fri May 16 21:49:21 2025 India Standard Time elapsed time: 0.054989 seconds (0d 0h 0m 0s)

---------------  T H R E A D  ---------------

Current thread (0x000002a05a2ff060):  JavaThread "Unknown thread" [_thread_in_vm, id=11908, stack(0x000000e6ff400000,0x000000e6ff500000) (1024K)]

Stack: [0x000000e6ff400000,0x000000e6ff500000]
Native frames: (J=compiled Java code, j=interpreted, Vv=VM code, C=native code)
V  [jvm.dll+0x6e2279]  (no source info available)
V  [jvm.dll+0x874e33]  (no source info available)
V  [jvm.dll+0x87725e]  (no source info available)
V  [jvm.dll+0x877933]  (no source info available)
V  [jvm.dll+0x27fd76]  (no source info available)
V  [jvm.dll+0xbe877]  (no source info available)
V  [jvm.dll+0x334fc4]  (no source info available)
V  [jvm.dll+0x32d12e]  (no source info available)
V  [jvm.dll+0x83ccdc]  (no source info available)
V  [jvm.dll+0x3c0d71]  (no source info available)
V  [jvm.dll+0x825ccc]  (no source info available)
V  [jvm.dll+0x45b8fe]  (no source info available)
V  [jvm.dll+0x45d781]  (no source info available)
C  [jli.dll+0x52a3]  (no source info available)
C  [ucrtbase.dll+0x37b0]  (no source info available)
C  [KERNEL32.DLL+0x2e8d7]  (no source info available)
C  [ntdll.dll+0x9c5dc]  (no source info available)


---------------  P R O C E S S  ---------------

Threads class SMR info:
_java_thread_list=0x00007ffeb420b1c8, length=0, elements={
}

Java Threads: ( => current thread )
Total: 0

Other Threads:
  0x000002a05c6b0000 WorkerThread "GC Thread#0"                     [id=26804, stack(0x000000e6ff500000,0x000000e6ff600000) (1024K)]

[error occurred during error reporting (printing all threads), id 0xc0000005, EXCEPTION_ACCESS_VIOLATION (0xc0000005) at pc=0x00007ffeb3959a80]
VM state: not at safepoint (not fully initialized)

VM Mutex/Monitor currently owned by a thread:  ([mutex/lock_event])
[0x00007ffeb428bcb8] Heap_lock - owner thread: 0x000002a05a2ff060

Heap address: 0x000000070a600000, size: 3930 MB, Compressed Oops mode: Zero based, Oop shift amount: 3

CDS archive(s) mapped at: [0x0000000000000000-0x0000000000000000-0x0000000000000000), size 0, SharedBaseAddress: 0x0000000800000000, ArchiveRelocationMode: 1.
Narrow klass base: 0x0000000000000000, Narrow klass shift: 0, Narrow klass range: 0x0

GC Precious Log:
 CardTable entry size: 512
 Card Set container configuration: InlinePtr #cards 4 size 8 Array Of Cards #cards 16 size 48 Howl #buckets 8 coarsen threshold 3686 Howl Bitmap #cards 512 size 80 coarsen threshold 460 Card regions per heap region 1 cards per card region 4096

Heap:
 garbage-first heap   total reserved 4024320K, committed 0K, used 0K [0x000000070a600000, 0x0000000800000000)
  region size 2048K, 0 young (0K), 0 survivors (0K)

[error occurred during error reporting (printing heap information), id 0xc0000005, EXCEPTION_ACCESS_VIOLATION (0xc0000005) at pc=0x00007ffeb3d5e429]
GC Heap History (0 events):
No events

Dll operation events (1 events):
Event: 0.011 Loaded shared library C:\Program Files\Java\jdk-22\bin\java.dll

Deoptimization events (0 events):
No events

Classes loaded (0 events):
No events

Classes unloaded (0 events):
No events

Classes redefined (0 events):
No events

Internal exceptions (0 events):
No events

ZGC Phase Switch (0 events):
No events

VM Operations (0 events):
No events

Events (0 events):
No events


Dynamic libraries:
0x00007ff725ac0000 - 0x00007ff725ad0000 	C:\Program Files\Java\jdk-22\bin\java.exe
0x00007fff42d20000 - 0x00007fff42f86000 	C:\WINDOWS\SYSTEM32\ntdll.dll
0x00007fff42360000 - 0x00007fff42429000 	C:\WINDOWS\System32\KERNEL32.DLL
0x00007fff400d0000 - 0x00007fff4049c000 	C:\WINDOWS\System32\KERNELBASE.dll
0x00007fff40990000 - 0x00007fff40adb000 	C:\WINDOWS\System32\ucrtbase.dll
0x00007fff31bc0000 - 0x00007fff31bdb000 	C:\Program Files\Java\jdk-22\bin\VCRUNTIME140.dll
0x00007fff31be0000 - 0x00007fff31bf7000 	C:\Program Files\Java\jdk-22\bin\jli.dll
0x00007fff40c10000 - 0x00007fff40cc2000 	C:\WINDOWS\System32\ADVAPI32.dll
0x00007fff42600000 - 0x00007fff426a9000 	C:\WINDOWS\System32\msvcrt.dll
0x00007fff42aa0000 - 0x00007fff42b46000 	C:\WINDOWS\System32\sechost.dll
0x00007fff410e0000 - 0x00007fff411f6000 	C:\WINDOWS\System32\RPCRT4.dll
0x00007fff42890000 - 0x00007fff42a5a000 	C:\WINDOWS\System32\USER32.dll
0x00007fff2c4d0000 - 0x00007fff2c76a000 	C:\WINDOWS\WinSxS\amd64_microsoft.windows.common-controls_6595b64144ccf1df_6.0.26100.3912_none_3e07963ce335137e\COMCTL32.dll
0x00007fff3feb0000 - 0x00007fff3fed7000 	C:\WINDOWS\System32\win32u.dll
0x00007fff42a60000 - 0x00007fff42a8b000 	C:\WINDOWS\System32\GDI32.dll
0x00007fff3ff90000 - 0x00007fff400c2000 	C:\WINDOWS\System32\gdi32full.dll
0x00007fff3fee0000 - 0x00007fff3ff83000 	C:\WINDOWS\System32\msvcp_win.dll
0x00007fff3c7a0000 - 0x00007fff3c7ab000 	C:\WINDOWS\SYSTEM32\VERSION.dll
0x00007fff425c0000 - 0x00007fff425f0000 	C:\WINDOWS\System32\IMM32.DLL
0x00007fff37280000 - 0x00007fff3728c000 	C:\Program Files\Java\jdk-22\bin\vcruntime140_1.dll
0x00007fff28900000 - 0x00007fff2898e000 	C:\Program Files\Java\jdk-22\bin\msvcp140.dll
0x00007ffeb3620000 - 0x00007ffeb4367000 	C:\Program Files\Java\jdk-22\bin\server\jvm.dll
0x00007fff421f0000 - 0x00007fff42264000 	C:\WINDOWS\System32\WS2_32.dll
0x00007fff3fd00000 - 0x00007fff3fd5e000 	C:\WINDOWS\SYSTEM32\POWRPROF.dll
0x00007fff3c160000 - 0x00007fff3c196000 	C:\WINDOWS\SYSTEM32\WINMM.dll
0x00007fff3fce0000 - 0x00007fff3fcf4000 	C:\WINDOWS\SYSTEM32\UMPDC.dll
0x00007fff3ec70000 - 0x00007fff3ec8a000 	C:\WINDOWS\SYSTEM32\kernel.appcore.dll
0x00007fff37260000 - 0x00007fff3726a000 	C:\Program Files\Java\jdk-22\bin\jimage.dll
0x00007fff3d880000 - 0x00007fff3dac1000 	C:\WINDOWS\SYSTEM32\DBGHELP.DLL
0x00007fff40cd0000 - 0x00007fff41054000 	C:\WINDOWS\System32\combase.dll
0x00007fff42270000 - 0x00007fff42350000 	C:\WINDOWS\System32\OLEAUT32.dll
0x00007fff2ef70000 - 0x00007fff2efa9000 	C:\WINDOWS\SYSTEM32\dbgcore.DLL
0x00007fff408f0000 - 0x00007fff40989000 	C:\WINDOWS\System32\bcryptPrimitives.dll
0x00007fff2bb40000 - 0x00007fff2bb5e000 	C:\Program Files\Java\jdk-22\bin\java.dll
0x00007fff41ac0000 - 0x00007fff421ed000 	C:\WINDOWS\System32\SHELL32.dll
0x00007fff404a0000 - 0x00007fff40614000 	C:\WINDOWS\System32\wintypes.dll
0x00007fff41810000 - 0x00007fff419af000 	C:\WINDOWS\System32\ole32.dll

dbghelp: loaded successfully - version: 4.0.5 - missing functions: none
symbol engine: initialized successfully - sym options: 0x614 - pdb path: .;C:\Program Files\Java\jdk-22\bin;C:\WINDOWS\SYSTEM32;C:\WINDOWS\WinSxS\amd64_microsoft.windows.common-controls_6595b64144ccf1df_6.0.26100.3912_none_3e07963ce335137e;C:\Program Files\Java\jdk-22\bin\server

VM Arguments:
java_command: <unknown>
java_class_path (initial): <not set>
Launcher Type: SUN_STANDARD

[Global flags]
     intx CICompilerCount                          = 4                                         {product} {ergonomic}
     uint ConcGCThreads                            = 3                                         {product} {ergonomic}
     uint G1ConcRefinementThreads                  = 10                                        {product} {ergonomic}
   size_t G1HeapRegionSize                         = 2097152                                   {product} {ergonomic}
   size_t InitialHeapSize                          = 257949696                                 {product} {ergonomic}
   size_t MarkStackSize                            = 4194304                                   {product} {ergonomic}
   size_t MaxHeapSize                              = 4120903680                                {product} {ergonomic}
   size_t MinHeapDeltaBytes                        = 2097152                                   {product} {ergonomic}
   size_t MinHeapSize                              = 8388608                                   {product} {ergonomic}
    uintx NonNMethodCodeHeapSize                   = 5839372                                {pd product} {ergonomic}
    uintx NonProfiledCodeHeapSize                  = 122909434                              {pd product} {ergonomic}
    uintx ProfiledCodeHeapSize                     = 122909434                              {pd product} {ergonomic}
    uintx ReservedCodeCacheSize                    = 251658240                              {pd product} {ergonomic}
     bool SegmentedCodeCache                       = true                                      {product} {ergonomic}
   size_t SoftMaxHeapSize                          = 4120903680                             {manageable} {ergonomic}
     bool UseCompressedOops                        = true                           {product lp64_product} {ergonomic}
     bool UseG1GC                                  = true                                      {product} {ergonomic}
     bool UseLargePagesIndividualAllocation        = false                                  {pd product} {ergonomic}

Logging:
Log output configuration:
 #0: stdout all=warning uptime,level,tags foldmultilines=false
 #1: stderr all=off uptime,level,tags foldmultilines=false

Environment Variables:
PATH=D:\demos\reactdemos\task\Archive\node_modules\.bin;D:\demos\reactdemos\task\Archive\node_modules\.bin;D:\demos\reactdemos\task\node_modules\.bin;D:\demos\reactdemos\node_modules\.bin;D:\demos\node_modules\.bin;D:\node_modules\.bin;C:\Program Files\nodejs\node_modules\npm\node_modules\@npmcli\run-script\lib\node-gyp-bin;C:\Program Files\Python313\Scripts\;C:\Program Files\Python313\;C:\Program Files\Common Files\Oracle\Java\javapath;C:\Program Files (x86)\Common Files\Oracle\Java\java8path;C:\Program Files (x86)\Common Files\Oracle\Java\javapath;C:\WINDOWS\system32;C:\WINDOWS;C:\WINDOWS\System32\Wbem;C:\WINDOWS\System32\WindowsPowerShell\v1.0\;C:\WINDOWS\System32\OpenSSH\;C:\Program Files\dotnet\;C:\Program Files\Git\cmd;C:\Users\shaikkhaja\Downloads\flutter_windows_3.29.2-stable\flutter\bin;C:\Program Files\nodejs\;C:\Users\shaikkhaja\AppData\Local\Android\Sdk\platform-tools;C:\Users\shaikkhaja\AppData\Local\Programs\Python\Launcher\;C:\Users\shaikkhaja\AppData\Local\Microsoft\WindowsApps;C:\Users\shaikkhaja\AppData\Roaming\npm;D:\Microsoft VS Code\bin;
USERNAME=shaikkhaja
LANG=en_US.UTF-8
OS=Windows_NT
PROCESSOR_IDENTIFIER=AMD64 Family 25 Model 80 Stepping 0, AuthenticAMD
TMP=C:\Users\SHAIKK~1\AppData\Local\Temp
TEMP=C:\Users\SHAIKK~1\AppData\Local\Temp




Periodic native trim disabled

---------------  S Y S T E M  ---------------

OS:
 Windows 11 , 64 bit Build 26100 (10.0.26100.3912)
OS uptime: 2 days 1:30 hours

CPU: total 12 (initial active 12) (12 cores per cpu, 2 threads per core) family 25 model 80 stepping 0 microcode 0xa50000f, cx8, cmov, fxsr, ht, mmx, 3dnowpref, sse, sse2, sse3, ssse3, sse4a, sse4.1, sse4.2, popcnt, lzcnt, tsc, tscinvbit, avx, avx2, aes, erms, clmul, bmi1, bmi2, adx, sha, fma, vzeroupper, clflush, clflushopt, rdtscp, rdpid, fsrm, f16c, pku, cet_ss
Processor Information for processor 0
  Max Mhz: 2301, Current Mhz: 2301, Mhz Limit: 2301
Processor Information for processor 1
  Max Mhz: 2301, Current Mhz: 2301, Mhz Limit: 2301
Processor Information for processor 2
  Max Mhz: 2301, Current Mhz: 2301, Mhz Limit: 2301
Processor Information for processor 3
  Max Mhz: 2301, Current Mhz: 2301, Mhz Limit: 2301
Processor Information for processor 4
  Max Mhz: 2301, Current Mhz: 2301, Mhz Limit: 2301
Processor Information for processor 5
  Max Mhz: 2301, Current Mhz: 1798, Mhz Limit: 2301
Processor Information for processor 6
  Max Mhz: 2301, Current Mhz: 2301, Mhz Limit: 2301
Processor Information for processor 7
  Max Mhz: 2301, Current Mhz: 2301, Mhz Limit: 2301
Processor Information for processor 8
  Max Mhz: 2301, Current Mhz: 1798, Mhz Limit: 2301
Processor Information for processor 9
  Max Mhz: 2301, Current Mhz: 2301, Mhz Limit: 2301
Processor Information for processor 10
  Max Mhz: 2301, Current Mhz: 1798, Mhz Limit: 2301
Processor Information for processor 11
  Max Mhz: 2301, Current Mhz: 2301, Mhz Limit: 2301

Memory: 4k page, system-wide physical 15712M (5597M free)
TotalPageFile size 17760M (AvailPageFile size 5M)
current process WorkingSet (physical memory assigned to process): 13M, peak: 13M
current process commit charge ("private bytes"): 62M, peak: 63M

vm_info: Java HotSpot(TM) 64-Bit Server VM (22.0.1+8-16) for windows-amd64 JRE (22.0.1+8-16), built on 2024-03-12T10:33:16Z by "mach5one" with MS VC++ 17.6 (VS2022)

END.
